<?xml version="1.0" encoding="UTF-8" ?>
<testsuite tests="8" failures="0" name="com.testrunner.TestRunner" time="150.376" errors="0" skipped="0">
  <properties>
[...]
</properties>
  <testcase classname="com.testrunner.TestRunner" name="runScenario" time="29.489"/>
  <testcase classname="com.testrunner.TestRunner" name="runScenario" time="18.471"/>
  <testcase classname="com.testrunner.TestRunner" name="runScenario" time="13.419"/>
  <testcase classname="com.testrunner.TestRunner" name="runScenario" time="17.264"/>
  <testcase classname="com.testrunner.TestRunner" name="runScenario" time="29.65"/>
  <testcase classname="com.testrunner.TestRunner" name="runScenario" time="14.354"/>
  <testcase classname="com.testrunner.TestRunner" name="runScenario" time="14.033"/>
  <testcase classname="com.testrunner.TestRunner" name="runScenario" time="13.696"/>
</testsuite>